Base path: C:/Program Files/Unity/Editor/Data
Pipe name: \\.\pipe\UnityShaderCompiler-64bit-4-10624
Cmd: getPlatforms
Cmd: compileSnippet
  api=1 type=0 insize=634781 outsize=4705 kw=DIRECTIONAL SHADOWS_OFF LIGHTMAP_OFF DIRLIGHTMAP_OFF DYNAMICLIGHTMAP_OFF VERTEXLIGHT_ON GEOM_TYPE_BRANCH ok=1
Cmd: compileSnippet
  api=4 type=0 insize=634781 outsize=15200 kw=DIRECTIONAL SHADOWS_SCREEN LIGHTMAP_OFF DIRLIGHTMAP_OFF DYNAMICLIGHTMAP_OFF VERTEXLIGHT_ON GEOM_TYPE_BRANCH ok=1
Cmd: compileSnippet
  api=1 type=0 insize=634781 outsize=4238 kw=DIRECTIONAL SHADOWS_OFF LIGHTMAP_OFF DIRLIGHTMAP_OFF DYNAMICLIGHTMAP_OFF LOD_FADE_PERCENTAGE GEOM_TYPE_BRANCH ok=1
Cmd: compileSnippet
  api=1 type=0 insize=634781 outsize=4753 kw=DIRECTIONAL SHADOWS_OFF LIGHTMAP_OFF DIRLIGHTMAP_OFF DYNAMICLIGHTMAP_OFF VERTEXLIGHT_ON LOD_FADE_PERCENTAGE GEOM_TYPE_BRANCH ok=1
Cmd: compileSnippet
  api=1 type=0 insize=634781 outsize=4287 kw=DIRECTIONAL SHADOWS_OFF LIGHTMAP_OFF DIRLIGHTMAP_OFF DYNAMICLIGHTMAP_OFF FOG_EXP2 LOD_FADE_PERCENTAGE GEOM_TYPE_BRANCH ok=1
Cmd: compileSnippet
  api=4 type=0 insize=634781 outsize=13981 kw=DIRECTIONAL SHADOWS_SCREEN LIGHTMAP_OFF DIRLIGHTMAP_OFF DYNAMICLIGHTMAP_OFF FOG_EXP2 LOD_FADE_PERCENTAGE GEOM_TYPE_BRANCH ok=1
Cmd: compileSnippet
  api=4 type=0 insize=634781 outsize=15436 kw=DIRECTIONAL SHADOWS_SCREEN LIGHTMAP_OFF DIRLIGHTMAP_OFF DYNAMICLIGHTMAP_OFF FOG_EXP2 VERTEXLIGHT_ON LOD_FADE_PERCENTAGE GEOM_TYPE_BRANCH ok=1
Cmd: compileSnippet
  api=1 type=0 insize=634781 outsize=4905 kw=DIRECTIONAL SHADOWS_OFF LIGHTMAP_OFF DIRLIGHTMAP_OFF DYNAMICLIGHTMAP_OFF VERTEXLIGHT_ON LOD_FADE_CROSSFADE GEOM_TYPE_BRANCH ok=1
Cmd: compileSnippet
  api=1 type=0 insize=634781 outsize=4441 kw=DIRECTIONAL SHADOWS_OFF LIGHTMAP_OFF DIRLIGHTMAP_OFF DYNAMICLIGHTMAP_OFF FOG_EXP2 LOD_FADE_CROSSFADE GEOM_TYPE_BRANCH ok=1
Cmd: compileSnippet
  api=4 type=0 insize=634781 outsize=14623 kw=DIRECTIONAL SHADOWS_SCREEN LIGHTMAP_OFF DIRLIGHTMAP_OFF DYNAMICLIGHTMAP_OFF FOG_EXP2 LOD_FADE_CROSSFADE GEOM_TYPE_BRANCH ok=1
Cmd: compileSnippet
  api=4 type=0 insize=634781 outsize=16078 kw=DIRECTIONAL SHADOWS_SCREEN LIGHTMAP_OFF DIRLIGHTMAP_OFF DYNAMICLIGHTMAP_OFF FOG_EXP2 VERTEXLIGHT_ON LOD_FADE_CROSSFADE GEOM_TYPE_BRANCH ok=1
Cmd: compileSnippet
  api=1 type=1 insize=634781 outsize=553 kw=DIRECTIONAL SHADOWS_OFF LIGHTMAP_OFF DIRLIGHTMAP_OFF DYNAMICLIGHTMAP_OFF FOG_EXP2 GEOM_TYPE_BRANCH ok=1
Cmd: compileSnippet
  api=1 type=1 insize=634781 outsize=500 kw=DIRECTIONAL SHADOWS_SCREEN LIGHTMAP_OFF DIRLIGHTMAP_OFF DYNAMICLIGHTMAP_OFF LOD_FADE_PERCENTAGE GEOM_TYPE_BRANCH ok=1
Cmd: compileSnippet
  api=4 type=1 insize=634781 outsize=2029 kw=DIRECTIONAL SHADOWS_SCREEN LIGHTMAP_OFF DIRLIGHTMAP_OFF DYNAMICLIGHTMAP_OFF LOD_FADE_PERCENTAGE GEOM_TYPE_BRANCH ok=1
Cmd: compileSnippet
  api=1 type=1 insize=634781 outsize=623 kw=DIRECTIONAL SHADOWS_OFF LIGHTMAP_OFF DIRLIGHTMAP_OFF DYNAMICLIGHTMAP_OFF LOD_FADE_CROSSFADE GEOM_TYPE_BRANCH ok=1
Cmd: compileSnippet
  api=1 type=1 insize=634781 outsize=748 kw=DIRECTIONAL SHADOWS_OFF LIGHTMAP_OFF DIRLIGHTMAP_OFF DYNAMICLIGHTMAP_OFF FOG_EXP2 LOD_FADE_CROSSFADE GEOM_TYPE_BRANCH ok=1
Cmd: compileSnippet
  api=4 type=1 insize=634781 outsize=3013 kw=DIRECTIONAL SHADOWS_SCREEN LIGHTMAP_OFF DIRLIGHTMAP_OFF DYNAMICLIGHTMAP_OFF FOG_EXP2 LOD_FADE_CROSSFADE GEOM_TYPE_BRANCH ok=1
Cmd: compileSnippet
  api=4 type=0 insize=408937 outsize=12681 kw=POINT GEOM_TYPE_BRANCH ok=1
Cmd: compileSnippet
  api=1 type=0 insize=408937 outsize=4038 kw=DIRECTIONAL_COOKIE GEOM_TYPE_BRANCH ok=1
Cmd: compileSnippet
  api=1 type=0 insize=408937 outsize=4087 kw=POINT FOG_EXP2 GEOM_TYPE_BRANCH ok=1
Cmd: compileSnippet
  api=4 type=0 insize=408937 outsize=12836 kw=SPOT FOG_EXP2 GEOM_TYPE_BRANCH ok=1
Cmd: compileSnippet
  api=1 type=0 insize=408937 outsize=4086 kw=DIRECTIONAL LOD_FADE_PERCENTAGE GEOM_TYPE_BRANCH ok=1
Cmd: compileSnippet
  api=1 type=0 insize=408937 outsize=4086 kw=POINT_COOKIE LOD_FADE_PERCENTAGE GEOM_TYPE_BRANCH ok=1
Cmd: compileSnippet
  api=1 type=0 insize=408937 outsize=4086 kw=DIRECTIONAL_COOKIE LOD_FADE_PERCENTAGE GEOM_TYPE_BRANCH ok=1
Cmd: compileSnippet
  api=1 type=0 insize=408937 outsize=4135 kw=DIRECTIONAL FOG_EXP2 LOD_FADE_PERCENTAGE GEOM_TYPE_BRANCH ok=1
Cmd: compileSnippet
  api=4 type=0 insize=408937 outsize=12958 kw=SPOT FOG_EXP2 LOD_FADE_PERCENTAGE GEOM_TYPE_BRANCH ok=1
Cmd: compileSnippet
  api=1 type=0 insize=408937 outsize=4238 kw=POINT LOD_FADE_CROSSFADE GEOM_TYPE_BRANCH ok=1
Cmd: compileSnippet
  api=1 type=0 insize=408937 outsize=4238 kw=SPOT LOD_FADE_CROSSFADE GEOM_TYPE_BRANCH ok=1
Cmd: compileSnippet
  api=4 type=0 insize=408937 outsize=13543 kw=POINT_COOKIE LOD_FADE_CROSSFADE GEOM_TYPE_BRANCH ok=1
Cmd: compileSnippet
  api=4 type=0 insize=408937 outsize=13697 kw=POINT FOG_EXP2 LOD_FADE_CROSSFADE GEOM_TYPE_BRANCH ok=1
Cmd: compileSnippet
  api=1 type=0 insize=408937 outsize=4289 kw=POINT_COOKIE FOG_EXP2 LOD_FADE_CROSSFADE GEOM_TYPE_BRANCH ok=1
Cmd: compileSnippet
  api=4 type=0 insize=408937 outsize=13697 kw=DIRECTIONAL_COOKIE FOG_EXP2 LOD_FADE_CROSSFADE GEOM_TYPE_BRANCH ok=1
Cmd: compileSnippet
  api=4 type=1 insize=408937 outsize=2013 kw=POINT GEOM_TYPE_BRANCH ok=1
Cmd: compileSnippet
  api=1 type=1 insize=408937 outsize=402 kw=DIRECTIONAL_COOKIE GEOM_TYPE_BRANCH ok=1
Cmd: compileSnippet
  api=1 type=1 insize=408937 outsize=360 kw=DIRECTIONAL FOG_EXP2 GEOM_TYPE_BRANCH ok=1
Cmd: compileSnippet
  api=1 type=1 insize=408937 outsize=627 kw=POINT_COOKIE FOG_EXP2 GEOM_TYPE_BRANCH ok=1
Cmd: compileSnippet
  api=4 type=1 insize=408937 outsize=2070 kw=DIRECTIONAL_COOKIE FOG_EXP2 GEOM_TYPE_BRANCH ok=1
Cmd: compileSnippet
  api=1 type=1 insize=408937 outsize=618 kw=SPOT LOD_FADE_PERCENTAGE GEOM_TYPE_BRANCH ok=1
Cmd: compileSnippet
  api=4 type=1 insize=408937 outsize=1737 kw=DIRECTIONAL_COOKIE LOD_FADE_PERCENTAGE GEOM_TYPE_BRANCH ok=1
Cmd: compileSnippet
  api=1 type=1 insize=408937 outsize=719 kw=SPOT FOG_EXP2 LOD_FADE_PERCENTAGE GEOM_TYPE_BRANCH ok=1
Cmd: compileSnippet
  api=1 type=1 insize=408937 outsize=503 kw=DIRECTIONAL_COOKIE FOG_EXP2 LOD_FADE_PERCENTAGE GEOM_TYPE_BRANCH ok=1
Cmd: compileSnippet
  api=4 type=1 insize=408937 outsize=2566 kw=POINT LOD_FADE_CROSSFADE GEOM_TYPE_BRANCH ok=1
Cmd: compileSnippet
  api=1 type=1 insize=408937 outsize=721 kw=POINT_COOKIE LOD_FADE_CROSSFADE GEOM_TYPE_BRANCH ok=1
Cmd: compileSnippet
  api=4 type=1 insize=408937 outsize=2289 kw=DIRECTIONAL_COOKIE LOD_FADE_CROSSFADE GEOM_TYPE_BRANCH ok=1
Cmd: compileSnippet
  api=4 type=1 insize=408937 outsize=2119 kw=DIRECTIONAL FOG_EXP2 LOD_FADE_CROSSFADE GEOM_TYPE_BRANCH ok=1
Cmd: compileSnippet
  api=4 type=1 insize=408937 outsize=3086 kw=POINT_COOKIE FOG_EXP2 LOD_FADE_CROSSFADE GEOM_TYPE_BRANCH ok=1
Cmd: compileSnippet
  api=1 type=0 insize=357408 outsize=4086 kw=LOD_FADE_PERCENTAGE GEOM_TYPE_BRANCH ok=1
Cmd: compileSnippet
  api=4 type=0 insize=357408 outsize=13543 kw=LOD_FADE_CROSSFADE GEOM_TYPE_BRANCH ok=1
Cmd: compileSnippet
  api=4 type=1 insize=357408 outsize=835 kw=GEOM_TYPE_BRANCH ok=1
Cmd: compileSnippet
  api=4 type=1 insize=357408 outsize=1404 kw=LOD_FADE_CROSSFADE GEOM_TYPE_BRANCH ok=1
Cmd: compileSnippet
  api=4 type=0 insize=554273 outsize=14063 kw=LIGHTMAP_OFF DIRLIGHTMAP_OFF DYNAMICLIGHTMAP_OFF HDR_LIGHT_PREPASS_OFF GEOM_TYPE_BRANCH ok=1
Cmd: compileSnippet
  api=1 type=0 insize=554273 outsize=4455 kw=LIGHTMAP_OFF DIRLIGHTMAP_OFF DYNAMICLIGHTMAP_OFF FOG_EXP2 UNITY_HDR_ON GEOM_TYPE_BRANCH ok=1
Cmd: compileSnippet
  api=1 type=0 insize=554273 outsize=4469 kw=LIGHTMAP_OFF DIRLIGHTMAP_OFF DYNAMICLIGHTMAP_OFF UNITY_HDR_ON LOD_FADE_PERCENTAGE GEOM_TYPE_BRANCH ok=1
Cmd: compileSnippet
  api=1 type=0 insize=554273 outsize=4503 kw=LIGHTMAP_OFF DIRLIGHTMAP_OFF DYNAMICLIGHTMAP_OFF FOG_EXP2 UNITY_HDR_ON LOD_FADE_PERCENTAGE GEOM_TYPE_BRANCH ok=1
Cmd: compileSnippet
  api=4 type=0 insize=554273 outsize=14826 kw=LIGHTMAP_OFF DIRLIGHTMAP_OFF DYNAMICLIGHTMAP_OFF LOD_FADE_CROSSFADE HDR_LIGHT_PREPASS_OFF GEOM_TYPE_BRANCH ok=1
Cmd: compileSnippet
  api=1 type=0 insize=554273 outsize=4570 kw=LIGHTMAP_OFF DIRLIGHTMAP_OFF DYNAMICLIGHTMAP_OFF FOG_EXP2 UNITY_HDR_ON LOD_FADE_CROSSFADE GEOM_TYPE_BRANCH ok=1
Cmd: compileSnippet
  api=4 type=1 insize=554273 outsize=1396 kw=LIGHTMAP_OFF DIRLIGHTMAP_OFF DYNAMICLIGHTMAP_OFF HDR_LIGHT_PREPASS_OFF GEOM_TYPE_BRANCH ok=1
Cmd: compileSnippet
  api=4 type=1 insize=554273 outsize=1786 kw=LIGHTMAP_OFF DIRLIGHTMAP_OFF DYNAMICLIGHTMAP_OFF FOG_EXP2 HDR_LIGHT_PREPASS_OFF GEOM_TYPE_BRANCH ok=1
Cmd: compileSnippet
  api=1 type=1 insize=554273 outsize=259 kw=LIGHTMAP_OFF DIRLIGHTMAP_OFF DYNAMICLIGHTMAP_OFF UNITY_HDR_ON LOD_FADE_PERCENTAGE GEOM_TYPE_BRANCH ok=1
Cmd: compileSnippet
  api=4 type=1 insize=554273 outsize=1786 kw=LIGHTMAP_OFF DIRLIGHTMAP_OFF DYNAMICLIGHTMAP_OFF FOG_EXP2 LOD_FADE_PERCENTAGE HDR_LIGHT_PREPASS_OFF GEOM_TYPE_BRANCH ok=1
Cmd: compileSnippet
  api=4 type=1 insize=554273 outsize=1948 kw=LIGHTMAP_OFF DIRLIGHTMAP_OFF DYNAMICLIGHTMAP_OFF LOD_FADE_CROSSFADE HDR_LIGHT_PREPASS_OFF GEOM_TYPE_BRANCH ok=1
Cmd: compileSnippet
  api=1 type=1 insize=554273 outsize=561 kw=LIGHTMAP_OFF DIRLIGHTMAP_OFF DYNAMICLIGHTMAP_OFF FOG_EXP2 UNITY_HDR_ON LOD_FADE_CROSSFADE GEOM_TYPE_BRANCH ok=1
Cmd: compileSnippet
  api=4 type=0 insize=594593 outsize=13437 kw=LIGHTMAP_OFF DIRLIGHTMAP_OFF DYNAMICLIGHTMAP_OFF UNITY_HDR_ON GEOM_TYPE_BRANCH ok=1
Cmd: compileSnippet
  api=4 type=0 insize=594593 outsize=13559 kw=LIGHTMAP_OFF DIRLIGHTMAP_OFF DYNAMICLIGHTMAP_OFF UNITY_HDR_ON LOD_FADE_PERCENTAGE GEOM_TYPE_BRANCH ok=1
Cmd: compileSnippet
  api=4 type=0 insize=594593 outsize=14298 kw=LIGHTMAP_OFF DIRLIGHTMAP_OFF DYNAMICLIGHTMAP_OFF UNITY_HDR_ON LOD_FADE_CROSSFADE GEOM_TYPE_BRANCH ok=1
Cmd: compileSnippet
  api=4 type=1 insize=594593 outsize=2046 kw=LIGHTMAP_OFF DIRLIGHTMAP_OFF DYNAMICLIGHTMAP_OFF HDR_LIGHT_PREPASS_OFF GEOM_TYPE_BRANCH ok=1
Cmd: compileSnippet
  api=1 type=1 insize=594593 outsize=429 kw=LIGHTMAP_OFF DIRLIGHTMAP_OFF DYNAMICLIGHTMAP_OFF UNITY_HDR_ON LOD_FADE_PERCENTAGE GEOM_TYPE_BRANCH ok=1
Cmd: compileSnippet
  api=4 type=1 insize=594593 outsize=2598 kw=LIGHTMAP_OFF DIRLIGHTMAP_OFF DYNAMICLIGHTMAP_OFF LOD_FADE_CROSSFADE HDR_LIGHT_PREPASS_OFF GEOM_TYPE_BRANCH ok=1
Cmd: compileSnippet
  api=1 type=0 insize=1319 outsize=3761 kw=SHADOWS_CUBE GEOM_TYPE_BRANCH ok=1
Cmd: compileSnippet
  api=1 type=0 insize=1319 outsize=3809 kw=SHADOWS_CUBE LOD_FADE_PERCENTAGE GEOM_TYPE_BRANCH ok=1
Cmd: compileSnippet
  api=1 type=0 insize=1319 outsize=3982 kw=SHADOWS_CUBE LOD_FADE_CROSSFADE GEOM_TYPE_BRANCH ok=1
Cmd: compileSnippet
  api=1 type=1 insize=1319 outsize=95 kw=SHADOWS_CUBE GEOM_TYPE_BRANCH ok=1
Cmd: compileSnippet
  api=1 type=1 insize=1319 outsize=276 kw=SHADOWS_DEPTH LOD_FADE_CROSSFADE GEOM_TYPE_BRANCH ok=1
Cmd: compileSnippet
  api=4 type=1 insize=1319 outsize=1249 kw=SHADOWS_CUBE LOD_FADE_CROSSFADE GEOM_TYPE_BRANCH ok=1
Cmd: compileSnippet
  api=4 type=0 insize=1267 outsize=13648 kw=GEOM_TYPE_BRANCH ok=1
Cmd: compileSnippet
  api=4 type=0 insize=1267 outsize=13924 kw=FOG_EXP2 LOD_FADE_PERCENTAGE GEOM_TYPE_BRANCH ok=1
Cmd: compileSnippet
  api=4 type=0 insize=1267 outsize=14664 kw=FOG_EXP2 LOD_FADE_CROSSFADE GEOM_TYPE_BRANCH ok=1
Cmd: compileSnippet
  api=1 type=1 insize=1267 outsize=239 kw=FOG_EXP2 GEOM_TYPE_BRANCH ok=1
Cmd: compileSnippet
  api=4 type=1 insize=1267 outsize=859 kw=LOD_FADE_PERCENTAGE GEOM_TYPE_BRANCH ok=1
Cmd: compileSnippet
  api=4 type=1 insize=1267 outsize=1412 kw=LOD_FADE_CROSSFADE GEOM_TYPE_BRANCH ok=1
Cmd: compileSnippet
  api=1 type=0 insize=99240 outsize=762 kw=DIRECTIONAL SHADOWS_SCREEN LIGHTMAP_OFF DIRLIGHTMAP_OFF DYNAMICLIGHTMAP_OFF GEOM_TYPE_BRANCH ok=1
Cmd: compileSnippet
  api=4 type=0 insize=99240 outsize=4256 kw=DIRECTIONAL SHADOWS_SCREEN LIGHTMAP_OFF DIRLIGHTMAP_OFF DYNAMICLIGHTMAP_OFF GEOM_TYPE_BRANCH ok=1
Cmd: compileSnippet
  api=4 type=0 insize=99240 outsize=5710 kw=DIRECTIONAL SHADOWS_SCREEN LIGHTMAP_OFF DIRLIGHTMAP_OFF DYNAMICLIGHTMAP_OFF VERTEXLIGHT_ON GEOM_TYPE_BRANCH ok=1
Cmd: compileSnippet
  api=4 type=0 insize=99240 outsize=4183 kw=DIRECTIONAL SHADOWS_OFF LIGHTMAP_OFF DIRLIGHTMAP_OFF DYNAMICLIGHTMAP_OFF FOG_EXP2 GEOM_TYPE_BRANCH ok=1
Cmd: compileSnippet
  api=4 type=0 insize=99240 outsize=4532 kw=DIRECTIONAL SHADOWS_SCREEN LIGHTMAP_OFF DIRLIGHTMAP_OFF DYNAMICLIGHTMAP_OFF FOG_EXP2 GEOM_TYPE_BRANCH ok=1
Cmd: compileSnippet
  api=1 type=0 insize=99240 outsize=1329 kw=DIRECTIONAL SHADOWS_SCREEN LIGHTMAP_OFF DIRLIGHTMAP_OFF DYNAMICLIGHTMAP_OFF FOG_EXP2 VERTEXLIGHT_ON GEOM_TYPE_BRANCH ok=1
Cmd: compileSnippet
  api=8 type=0 insize=99240 outsize=9368 kw=DIRECTIONAL SHADOWS_SCREEN SHADOWS_NATIVE LIGHTMAP_OFF DIRLIGHTMAP_OFF DYNAMICLIGHTMAP_OFF FOG_EXP2 VERTEXLIGHT_ON GEOM_TYPE_BRANCH ok=1
Cmd: compileSnippet
  api=1 type=0 insize=99240 outsize=1215 kw=DIRECTIONAL SHADOWS_OFF LIGHTMAP_OFF DIRLIGHTMAP_OFF DYNAMICLIGHTMAP_OFF VERTEXLIGHT_ON LOD_FADE_PERCENTAGE GEOM_TYPE_BRANCH ok=1
Cmd: compileSnippet
  api=4 type=0 insize=99240 outsize=5938 kw=DIRECTIONAL SHADOWS_SCREEN LIGHTMAP_OFF DIRLIGHTMAP_OFF DYNAMICLIGHTMAP_OFF VERTEXLIGHT_ON LOD_FADE_PERCENTAGE GEOM_TYPE_BRANCH ok=1
Cmd: compileSnippet
  api=4 type=0 insize=99240 outsize=4353 kw=DIRECTIONAL SHADOWS_OFF LIGHTMAP_OFF DIRLIGHTMAP_OFF DYNAMICLIGHTMAP_OFF FOG_EXP2 LOD_FADE_PERCENTAGE GEOM_TYPE_BRANCH ok=1
Cmd: compileSnippet
  api=4 type=0 insize=99240 outsize=4759 kw=DIRECTIONAL SHADOWS_SCREEN LIGHTMAP_OFF DIRLIGHTMAP_OFF DYNAMICLIGHTMAP_OFF FOG_EXP2 LOD_FADE_PERCENTAGE GEOM_TYPE_BRANCH ok=1
Cmd: compileSnippet
  api=1 type=0 insize=99240 outsize=1403 kw=DIRECTIONAL SHADOWS_SCREEN LIGHTMAP_OFF DIRLIGHTMAP_OFF DYNAMICLIGHTMAP_OFF FOG_EXP2 VERTEXLIGHT_ON LOD_FADE_PERCENTAGE GEOM_TYPE_BRANCH ok=1
Cmd: compileSnippet
  api=8 type=0 insize=99240 outsize=9685 kw=DIRECTIONAL SHADOWS_SCREEN SHADOWS_NATIVE LIGHTMAP_OFF DIRLIGHTMAP_OFF DYNAMICLIGHTMAP_OFF FOG_EXP2 VERTEXLIGHT_ON LOD_FADE_PERCENTAGE GEOM_TYPE_BRANCH ok=1
Cmd: compileSnippet
  api=4 type=1 insize=99240 outsize=1379 kw=DIRECTIONAL SHADOWS_OFF LIGHTMAP_OFF DIRLIGHTMAP_OFF DYNAMICLIGHTMAP_OFF GEOM_TYPE_BRANCH ok=1
Cmd: compileSnippet
  api=1 type=1 insize=99240 outsize=339 kw=DIRECTIONAL SHADOWS_OFF LIGHTMAP_OFF DIRLIGHTMAP_OFF DYNAMICLIGHTMAP_OFF FOG_EXP2 GEOM_TYPE_BRANCH ok=1
Cmd: compileSnippet
  api=1 type=1 insize=99240 outsize=404 kw=DIRECTIONAL SHADOWS_SCREEN LIGHTMAP_OFF DIRLIGHTMAP_OFF DYNAMICLIGHTMAP_OFF FOG_EXP2 GEOM_TYPE_BRANCH ok=1
Cmd: compileSnippet
  api=1 type=1 insize=99240 outsize=283 kw=DIRECTIONAL SHADOWS_OFF LIGHTMAP_OFF DIRLIGHTMAP_OFF DYNAMICLIGHTMAP_OFF LOD_FADE_PERCENTAGE GEOM_TYPE_BRANCH ok=1
Cmd: compileSnippet
  api=8 type=1 insize=99240 outsize=2015 kw=DIRECTIONAL SHADOWS_OFF LIGHTMAP_OFF DIRLIGHTMAP_OFF DYNAMICLIGHTMAP_OFF LOD_FADE_PERCENTAGE GEOM_TYPE_BRANCH ok=1
Cmd: compileSnippet
  api=4 type=1 insize=99240 outsize=1680 kw=DIRECTIONAL SHADOWS_OFF LIGHTMAP_OFF DIRLIGHTMAP_OFF DYNAMICLIGHTMAP_OFF FOG_EXP2 LOD_FADE_PERCENTAGE GEOM_TYPE_BRANCH ok=1
Cmd: compileSnippet
  api=4 type=0 insize=58481 outsize=2956 kw=POINT GEOM_TYPE_BRANCH ok=1
Cmd: compileSnippet
  api=1 type=0 insize=58481 outsize=413 kw=SPOT GEOM_TYPE_BRANCH ok=1
Cmd: compileSnippet
  api=8 type=0 insize=58481 outsize=4217 kw=SPOT GEOM_TYPE_BRANCH ok=1
Cmd: compileSnippet
  api=8 type=0 insize=58481 outsize=4217 kw=DIRECTIONAL_COOKIE GEOM_TYPE_BRANCH ok=1
Cmd: compileSnippet
  api=1 type=0 insize=58481 outsize=488 kw=DIRECTIONAL FOG_EXP2 GEOM_TYPE_BRANCH ok=1
Cmd: compileSnippet
  api=1 type=0 insize=58481 outsize=488 kw=SPOT FOG_EXP2 GEOM_TYPE_BRANCH ok=1
Cmd: compileSnippet
  api=1 type=0 insize=58481 outsize=488 kw=POINT_COOKIE FOG_EXP2 GEOM_TYPE_BRANCH ok=1
Cmd: compileSnippet
  api=1 type=0 insize=58481 outsize=488 kw=DIRECTIONAL_COOKIE FOG_EXP2 GEOM_TYPE_BRANCH ok=1
Cmd: compileSnippet
  api=1 type=0 insize=58481 outsize=487 kw=POINT LOD_FADE_PERCENTAGE GEOM_TYPE_BRANCH ok=1
Cmd: compileSnippet
  api=1 type=0 insize=58481 outsize=487 kw=DIRECTIONAL LOD_FADE_PERCENTAGE GEOM_TYPE_BRANCH ok=1
Cmd: compileSnippet
  api=1 type=0 insize=58481 outsize=487 kw=SPOT LOD_FADE_PERCENTAGE GEOM_TYPE_BRANCH ok=1
Cmd: compileSnippet
  api=1 type=0 insize=58481 outsize=487 kw=POINT_COOKIE LOD_FADE_PERCENTAGE GEOM_TYPE_BRANCH ok=1
Cmd: compileSnippet
  api=1 type=0 insize=58481 outsize=487 kw=DIRECTIONAL_COOKIE LOD_FADE_PERCENTAGE GEOM_TYPE_BRANCH ok=1
Cmd: compileSnippet
  api=1 type=0 insize=58481 outsize=592 kw=POINT FOG_EXP2 LOD_FADE_PERCENTAGE GEOM_TYPE_BRANCH ok=1
Cmd: compileSnippet
  api=1 type=0 insize=58481 outsize=592 kw=DIRECTIONAL FOG_EXP2 LOD_FADE_PERCENTAGE GEOM_TYPE_BRANCH ok=1
Cmd: compileSnippet
  api=1 type=0 insize=58481 outsize=592 kw=SPOT FOG_EXP2 LOD_FADE_PERCENTAGE GEOM_TYPE_BRANCH ok=1
Cmd: compileSnippet
  api=4 type=0 insize=58481 outsize=3443 kw=POINT_COOKIE FOG_EXP2 LOD_FADE_PERCENTAGE GEOM_TYPE_BRANCH ok=1
Cmd: compileSnippet
  api=4 type=0 insize=58481 outsize=3443 kw=DIRECTIONAL_COOKIE FOG_EXP2 LOD_FADE_PERCENTAGE GEOM_TYPE_BRANCH ok=1
Cmd: compileSnippet
  api=1 type=1 insize=58481 outsize=243 kw=DIRECTIONAL GEOM_TYPE_BRANCH ok=1
Cmd: compileSnippet
  api=4 type=1 insize=58481 outsize=1233 kw=DIRECTIONAL GEOM_TYPE_BRANCH ok=1
Cmd: compileSnippet
  api=8 type=1 insize=58481 outsize=3664 kw=SPOT GEOM_TYPE_BRANCH ok=1
Cmd: compileSnippet
  api=8 type=1 insize=58481 outsize=2600 kw=DIRECTIONAL_COOKIE GEOM_TYPE_BRANCH ok=1
Cmd: compileSnippet
  api=4 type=1 insize=58481 outsize=1404 kw=DIRECTIONAL FOG_EXP2 GEOM_TYPE_BRANCH ok=1
Cmd: compileSnippet
  api=8 type=1 insize=58481 outsize=3892 kw=SPOT FOG_EXP2 GEOM_TYPE_BRANCH ok=1
Cmd: compileSnippet
  api=4 type=1 insize=58481 outsize=1908 kw=DIRECTIONAL_COOKIE FOG_EXP2 GEOM_TYPE_BRANCH ok=1
Cmd: compileSnippet
  api=8 type=1 insize=58481 outsize=2966 kw=POINT LOD_FADE_PERCENTAGE GEOM_TYPE_BRANCH ok=1
Cmd: compileSnippet
  api=4 type=1 insize=58481 outsize=2509 kw=SPOT LOD_FADE_PERCENTAGE GEOM_TYPE_BRANCH ok=1
Cmd: compileSnippet
  api=8 type=1 insize=58481 outsize=3274 kw=POINT_COOKIE LOD_FADE_PERCENTAGE GEOM_TYPE_BRANCH ok=1
Cmd: compileSnippet
  api=4 type=1 insize=58481 outsize=2184 kw=POINT FOG_EXP2 LOD_FADE_PERCENTAGE GEOM_TYPE_BRANCH ok=1
Cmd: compileSnippet
  api=8 type=1 insize=58481 outsize=2031 kw=DIRECTIONAL FOG_EXP2 LOD_FADE_PERCENTAGE GEOM_TYPE_BRANCH ok=1
Cmd: compileSnippet
  api=1 type=1 insize=58481 outsize=550 kw=POINT_COOKIE FOG_EXP2 LOD_FADE_PERCENTAGE GEOM_TYPE_BRANCH ok=1
Cmd: compileSnippet
  api=1 type=1 insize=58481 outsize=427 kw=DIRECTIONAL_COOKIE FOG_EXP2 LOD_FADE_PERCENTAGE GEOM_TYPE_BRANCH ok=1
Cmd: compileSnippet
  api=1 type=0 insize=49708 outsize=487 kw=LOD_FADE_PERCENTAGE GEOM_TYPE_BRANCH ok=1
Cmd: compileSnippet
  api=8 type=0 insize=49708 outsize=4534 kw=LOD_FADE_PERCENTAGE GEOM_TYPE_BRANCH ok=1
Cmd: compileSnippet
  api=8 type=1 insize=49708 outsize=1146 kw=GEOM_TYPE_BRANCH ok=1
Cmd: compileSnippet
  api=4 type=0 insize=87177 outsize=4280 kw=LIGHTMAP_OFF DIRLIGHTMAP_OFF DYNAMICLIGHTMAP_OFF HDR_LIGHT_PREPASS_OFF GEOM_TYPE_BRANCH ok=1
Cmd: compileSnippet
  api=1 type=0 insize=87177 outsize=821 kw=LIGHTMAP_OFF DIRLIGHTMAP_OFF DYNAMICLIGHTMAP_OFF FOG_EXP2 HDR_LIGHT_PREPASS_OFF GEOM_TYPE_BRANCH ok=1
Cmd: compileSnippet
  api=1 type=0 insize=87177 outsize=821 kw=LIGHTMAP_OFF DIRLIGHTMAP_OFF DYNAMICLIGHTMAP_OFF FOG_EXP2 UNITY_HDR_ON GEOM_TYPE_BRANCH ok=1
Cmd: compileSnippet
  api=1 type=0 insize=87177 outsize=835 kw=LIGHTMAP_OFF DIRLIGHTMAP_OFF DYNAMICLIGHTMAP_OFF LOD_FADE_PERCENTAGE HDR_LIGHT_PREPASS_OFF GEOM_TYPE_BRANCH ok=1
Cmd: compileSnippet
  api=1 type=0 insize=87177 outsize=835 kw=LIGHTMAP_OFF DIRLIGHTMAP_OFF DYNAMICLIGHTMAP_OFF UNITY_HDR_ON LOD_FADE_PERCENTAGE GEOM_TYPE_BRANCH ok=1
Cmd: compileSnippet
  api=8 type=0 insize=87177 outsize=6476 kw=LIGHTMAP_OFF DIRLIGHTMAP_OFF DYNAMICLIGHTMAP_OFF UNITY_HDR_ON LOD_FADE_PERCENTAGE GEOM_TYPE_BRANCH ok=1
Cmd: compileSnippet
  api=4 type=0 insize=87177 outsize=4784 kw=LIGHTMAP_OFF DIRLIGHTMAP_OFF DYNAMICLIGHTMAP_OFF FOG_EXP2 UNITY_HDR_ON LOD_FADE_PERCENTAGE GEOM_TYPE_BRANCH ok=1
Cmd: compileSnippet
  api=8 type=1 insize=87177 outsize=2072 kw=LIGHTMAP_OFF DIRLIGHTMAP_OFF DYNAMICLIGHTMAP_OFF HDR_LIGHT_PREPASS_OFF GEOM_TYPE_BRANCH ok=1
Cmd: compileSnippet
  api=4 type=1 insize=87177 outsize=1656 kw=LIGHTMAP_OFF DIRLIGHTMAP_OFF DYNAMICLIGHTMAP_OFF FOG_EXP2 HDR_LIGHT_PREPASS_OFF GEOM_TYPE_BRANCH ok=1
Cmd: compileSnippet
  api=8 type=1 insize=87177 outsize=2332 kw=LIGHTMAP_OFF DIRLIGHTMAP_OFF DYNAMICLIGHTMAP_OFF FOG_EXP2 UNITY_HDR_ON GEOM_TYPE_BRANCH ok=1
Cmd: compileSnippet
  api=1 type=1 insize=87177 outsize=232 kw=LIGHTMAP_OFF DIRLIGHTMAP_OFF DYNAMICLIGHTMAP_OFF UNITY_HDR_ON LOD_FADE_PERCENTAGE GEOM_TYPE_BRANCH ok=1
Cmd: compileSnippet
  api=4 type=1 insize=87177 outsize=1656 kw=LIGHTMAP_OFF DIRLIGHTMAP_OFF DYNAMICLIGHTMAP_OFF FOG_EXP2 LOD_FADE_PERCENTAGE HDR_LIGHT_PREPASS_OFF GEOM_TYPE_BRANCH ok=1
Cmd: compileSnippet
  api=4 type=1 insize=87177 outsize=1607 kw=LIGHTMAP_OFF DIRLIGHTMAP_OFF DYNAMICLIGHTMAP_OFF FOG_EXP2 UNITY_HDR_ON LOD_FADE_PERCENTAGE GEOM_TYPE_BRANCH ok=1
Cmd: compileSnippet
  api=4 type=0 insize=88439 outsize=4004 kw=LIGHTMAP_OFF DIRLIGHTMAP_OFF DYNAMICLIGHTMAP_OFF HDR_LIGHT_PREPASS_OFF GEOM_TYPE_BRANCH ok=1
Cmd: compileSnippet
  api=1 type=0 insize=88439 outsize=723 kw=LIGHTMAP_OFF DIRLIGHTMAP_OFF DYNAMICLIGHTMAP_OFF LOD_FADE_PERCENTAGE HDR_LIGHT_PREPASS_OFF GEOM_TYPE_BRANCH ok=1
Cmd: compileSnippet
  api=1 type=0 insize=88439 outsize=723 kw=LIGHTMAP_OFF DIRLIGHTMAP_OFF DYNAMICLIGHTMAP_OFF UNITY_HDR_ON LOD_FADE_PERCENTAGE GEOM_TYPE_BRANCH ok=1
Cmd: compileSnippet
  api=4 type=1 insize=88439 outsize=1680 kw=LIGHTMAP_OFF DIRLIGHTMAP_OFF DYNAMICLIGHTMAP_OFF HDR_LIGHT_PREPASS_OFF GEOM_TYPE_BRANCH ok=1
Cmd: compileSnippet
  api=1 type=1 insize=88439 outsize=375 kw=LIGHTMAP_OFF DIRLIGHTMAP_OFF DYNAMICLIGHTMAP_OFF LOD_FADE_PERCENTAGE HDR_LIGHT_PREPASS_OFF GEOM_TYPE_BRANCH ok=1
Cmd: compileSnippet
  api=1 type=1 insize=88439 outsize=318 kw=LIGHTMAP_OFF DIRLIGHTMAP_OFF DYNAMICLIGHTMAP_OFF UNITY_HDR_ON LOD_FADE_PERCENTAGE GEOM_TYPE_BRANCH ok=1
Cmd: compileSnippet
  api=1 type=0 insize=1123 outsize=172 kw=SHADOWS_CUBE GEOM_TYPE_BRANCH ok=1
Cmd: compileSnippet
  api=4 type=0 insize=1123 outsize=1688 kw=SHADOWS_CUBE GEOM_TYPE_BRANCH ok=1
Cmd: compileSnippet
  api=4 type=0 insize=1123 outsize=3971 kw=SHADOWS_DEPTH LOD_FADE_PERCENTAGE GEOM_TYPE_BRANCH ok=1
Cmd: compileSnippet
  api=8 type=0 insize=1123 outsize=2641 kw=SHADOWS_CUBE LOD_FADE_PERCENTAGE GEOM_TYPE_BRANCH ok=1
Cmd: compileSnippet
  api=8 type=1 insize=1123 outsize=674 kw=SHADOWS_DEPTH GEOM_TYPE_BRANCH ok=1
Cmd: compileSnippet
  api=4 type=1 insize=1123 outsize=453 kw=SHADOWS_DEPTH LOD_FADE_PERCENTAGE GEOM_TYPE_BRANCH ok=1
Cmd: compileSnippet
  api=4 type=1 insize=1123 outsize=697 kw=SHADOWS_CUBE LOD_FADE_PERCENTAGE GEOM_TYPE_BRANCH ok=1
Cmd: compileSnippet
  api=1 type=0 insize=1156 outsize=902 kw=FOG_EXP2 GEOM_TYPE_BRANCH ok=1
Cmd: compileSnippet
  api=8 type=0 insize=1156 outsize=5712 kw=FOG_EXP2 GEOM_TYPE_BRANCH ok=1
Cmd: compileSnippet
  api=8 type=0 insize=1156 outsize=6029 kw=FOG_EXP2 LOD_FADE_PERCENTAGE GEOM_TYPE_BRANCH ok=1
Cmd: compileSnippet
  api=1 type=1 insize=1156 outsize=184 kw=FOG_EXP2 GEOM_TYPE_BRANCH ok=1
Cmd: compileSnippet
  api=8 type=1 insize=1156 outsize=1593 kw=FOG_EXP2 GEOM_TYPE_BRANCH ok=1
Cmd: compileSnippet
  api=4 type=1 insize=1156 outsize=1119 kw=FOG_EXP2 LOD_FADE_PERCENTAGE GEOM_TYPE_BRANCH ok=1
Unhandled exception: Readfile from pipe failed. GLE=The pipe has been ended.


Quitting shader compiler process
